<?xml version="1.0" encoding="UTF-8"?>
<!-- Generated by org.testng.reporters.JUnitReportReporter -->
<testsuite hostname="TYSS-Manoj" failures="0" tests="8" name="com.employeeapi.testcase.TC001_Get_All_Employees" time="0.079" errors="0" timestamp="2023-11-07T11:20:57 IST" skipped="0">
  <testcase classname="com.employeeapi.testcase.TC001_Get_All_Employees" name="checkContentLength" time="0.003"/>
  <system-out/>
  <testcase classname="com.employeeapi.testcase.TC001_Get_All_Employees" name="checkContentType" time="0.003"/>
  <system-out/>
  <testcase classname="com.employeeapi.testcase.TC001_Get_All_Employees" name="checkServerType" time="0.002"/>
  <system-out/>
  <testcase classname="com.employeeapi.testcase.TC001_Get_All_Employees" name="checkResposeBody" time="0.033"/>
  <system-out/>
  <testcase classname="com.employeeapi.testcase.TC001_Get_All_Employees" name="checkContentEncoding" time="0.013"/>
  <system-out/>
  <testcase classname="com.employeeapi.testcase.TC001_Get_All_Employees" name="checkResponseTime" time="0.010"/>
  <system-out/>
  <testcase classname="com.employeeapi.testcase.TC001_Get_All_Employees" name="checkStatusCode" time="0.005"/>
  <system-out/>
  <testcase classname="com.employeeapi.testcase.TC001_Get_All_Employees" name="checkStatusLine" time="0.010"/>
  <system-out/>
</testsuite> <!-- com.employeeapi.testcase.TC001_Get_All_Employees -->
